<?xml version="1.0" encoding="UTF-8"?>
<testsuite name="com.springboot.kafka.SpringBootWithKafka.SpringKafkaApplicationTest" tests="1" skipped="0" failures="1" errors="0" timestamp="2018-05-21T05:18:50" hostname="NODE1075" time="0.001">
  <properties/>
  <testcase name="testReceive" classname="com.springboot.kafka.SpringBootWithKafka.SpringKafkaApplicationTest" time="0.001">
    <failure message="java.lang.NullPointerException" type="java.lang.NullPointerException">java.lang.NullPointerException
	at com.springboot.kafka.SpringBootWithKafka.SpringKafkaApplicationTest.setUp(SpringKafkaApplicationTest.java:38)
	at sun.reflect.NativeMethodAccessorImpl.invoke0(Native Method)
	at sun.reflect.NativeMethodAccessorImpl.invoke(NativeMethodAccessorImpl.java:62)
	at sun.reflect.DelegatingMethodAccessorImpl.invoke(DelegatingMethodAccessorImpl.java:43)
	at java.lang.reflect.Method.invoke(Method.java:498)
	at org.junit.runners.model.FrameworkMethod$1.runReflectiveCall(FrameworkMethod.java:50)
	at org.junit.internal.runners.model.ReflectiveCallable.run(ReflectiveCallable.java:12)
	at org.junit.runners.model.FrameworkMethod.invokeExplosively(FrameworkMethod.java:47)
	at org.junit.internal.runners.statements.RunBefores.evaluate(RunBefores.java:24)
	at org.junit.runners.ParentRunner.runLeaf(ParentRunner.java:325)
	at org.junit.runners.BlockJUnit4ClassRunner.runChild(BlockJUnit4ClassRunner.java:78)
	at org.junit.runners.BlockJUnit4ClassRunner.runChild(BlockJUnit4ClassRunner.java:57)
	at org.junit.runners.ParentRunner$3.run(ParentRunner.java:290)
	at org.junit.runners.ParentRunner$1.schedule(ParentRunner.java:71)
	at org.junit.runners.ParentRunner.runChildren(ParentRunner.java:288)
	at org.junit.runners.ParentRunner.access$000(ParentRunner.java:58)
	at org.junit.runners.ParentRunner$2.evaluate(ParentRunner.java:268)
	at org.junit.rules.ExternalResource$1.evaluate(ExternalResource.java:48)
	at org.junit.rules.RunRules.evaluate(RunRules.java:20)
	at org.junit.runners.ParentRunner.run(ParentRunner.java:363)
	at org.gradle.api.internal.tasks.testing.junit.JUnitTestClassExecutor.runTestClass(JUnitTestClassExecutor.java:106)
	at org.gradle.api.internal.tasks.testing.junit.JUnitTestClassExecutor.execute(JUnitTestClassExecutor.java:58)
	at org.gradle.api.internal.tasks.testing.junit.JUnitTestClassExecutor.execute(JUnitTestClassExecutor.java:38)
	at org.gradle.api.internal.tasks.testing.junit.AbstractJUnitTestClassProcessor.processTestClass(AbstractJUnitTestClassProcessor.java:66)
	at org.gradle.api.internal.tasks.testing.SuiteTestClassProcessor.processTestClass(SuiteTestClassProcessor.java:51)
	at sun.reflect.NativeMethodAccessorImpl.invoke0(Native Method)
	at sun.reflect.NativeMethodAccessorImpl.invoke(NativeMethodAccessorImpl.java:62)
	at sun.reflect.DelegatingMethodAccessorImpl.invoke(DelegatingMethodAccessorImpl.java:43)
	at java.lang.reflect.Method.invoke(Method.java:498)
	at org.gradle.internal.dispatch.ReflectionDispatch.dispatch(ReflectionDispatch.java:35)
	at org.gradle.internal.dispatch.ReflectionDispatch.dispatch(ReflectionDispatch.java:24)
	at org.gradle.internal.dispatch.ContextClassLoaderDispatch.dispatch(ContextClassLoaderDispatch.java:32)
	at org.gradle.internal.dispatch.ProxyDispatchAdapter$DispatchingInvocationHandler.invoke(ProxyDispatchAdapter.java:93)
	at com.sun.proxy.$Proxy1.processTestClass(Unknown Source)
	at org.gradle.api.internal.tasks.testing.worker.TestWorker.processTestClass(TestWorker.java:109)
	at sun.reflect.NativeMethodAccessorImpl.invoke0(Native Method)
	at sun.reflect.NativeMethodAccessorImpl.invoke(NativeMethodAccessorImpl.java:62)
	at sun.reflect.DelegatingMethodAccessorImpl.invoke(DelegatingMethodAccessorImpl.java:43)
	at java.lang.reflect.Method.invoke(Method.java:498)
	at org.gradle.internal.dispatch.ReflectionDispatch.dispatch(ReflectionDispatch.java:35)
	at org.gradle.internal.dispatch.ReflectionDispatch.dispatch(ReflectionDispatch.java:24)
	at org.gradle.internal.remote.internal.hub.MessageHubBackedObjectConnection$DispatchWrapper.dispatch(MessageHubBackedObjectConnection.java:155)
	at org.gradle.internal.remote.internal.hub.MessageHubBackedObjectConnection$DispatchWrapper.dispatch(MessageHubBackedObjectConnection.java:137)
	at org.gradle.internal.remote.internal.hub.MessageHub$Handler.run(MessageHub.java:404)
	at org.gradle.internal.concurrent.ExecutorPolicy$CatchAndRecordFailures.onExecute(ExecutorPolicy.java:63)
	at org.gradle.internal.concurrent.ManagedExecutorImpl$1.run(ManagedExecutorImpl.java:46)
	at java.util.concurrent.ThreadPoolExecutor.runWorker(ThreadPoolExecutor.java:1149)
	at java.util.concurrent.ThreadPoolExecutor$Worker.run(ThreadPoolExecutor.java:624)
	at org.gradle.internal.concurrent.ThreadFactoryImpl$ManagedThreadRunnable.run(ThreadFactoryImpl.java:55)
	at java.lang.Thread.run(Thread.java:748)
</failure>
  </testcase>
  <system-out><![CDATA[10:48:47.790 [Test worker] ERROR o.a.zookeeper.server.ZooKeeperServer - ZKShutdownHandler is not registered, so ZooKeeper server won't take any action on ERROR or SHUTDOWN server state changes
10:48:49.041 [Test worker] WARN  k.server.BrokerMetadataCheckpoint - No meta.properties file under dir C:\Users\SUDHAK~1.RAC\AppData\Local\Temp\kafka-2039695157526564438\meta.properties
10:48:50.142 [Test worker] WARN  k.server.BrokerMetadataCheckpoint - No meta.properties file under dir C:\Users\SUDHAK~1.RAC\AppData\Local\Temp\kafka-2039695157526564438\meta.properties
10:48:50.811 [Controller-0-to-broker-0-send-thread] WARN  kafka.controller.RequestSendThread - [Controller-0-to-broker-0-send-thread], Controller 0 epoch 1 fails to send request (type=LeaderAndIsRequest, controllerId=0, controllerEpoch=1, partitionStates={json.t-0=PartitionState(controllerEpoch=1, leader=0, leaderEpoch=0, isr=[0], zkVersion=0, replicas=[0]) ,json.t-1=PartitionState(controllerEpoch=1, leader=0, leaderEpoch=0, isr=[0], zkVersion=0, replicas=[0])}, liveLeaders=(localhost:60862 (id: 0 rack: null))) to broker localhost:60862 (id: 0 rack: null). Reconnecting to broker.
java.io.IOException: Connection to 0 was disconnected before the response was read
	at kafka.utils.NetworkClientBlockingOps$$anonfun$blockingSendAndReceive$extension$1$$anonfun$apply$1.apply(NetworkClientBlockingOps.scala:114)
	at kafka.utils.NetworkClientBlockingOps$$anonfun$blockingSendAndReceive$extension$1$$anonfun$apply$1.apply(NetworkClientBlockingOps.scala:112)
	at scala.Option.foreach(Option.scala:257)
	at kafka.utils.NetworkClientBlockingOps$$anonfun$blockingSendAndReceive$extension$1.apply(NetworkClientBlockingOps.scala:112)
	at kafka.utils.NetworkClientBlockingOps$$anonfun$blockingSendAndReceive$extension$1.apply(NetworkClientBlockingOps.scala:108)
	at kafka.utils.NetworkClientBlockingOps$.recursivePoll$1(NetworkClientBlockingOps.scala:136)
	at kafka.utils.NetworkClientBlockingOps$.kafka$utils$NetworkClientBlockingOps$$pollContinuously$extension(NetworkClientBlockingOps.scala:142)
	at kafka.utils.NetworkClientBlockingOps$.blockingSendAndReceive$extension(NetworkClientBlockingOps.scala:108)
	at kafka.controller.RequestSendThread.liftedTree1$1(ControllerChannelManager.scala:192)
	at kafka.controller.RequestSendThread.doWork(ControllerChannelManager.scala:184)
	at kafka.utils.ShutdownableThread.run(ShutdownableThread.scala:63)
10:48:51.918 [Controller-0-to-broker-0-send-thread] WARN  kafka.controller.RequestSendThread - [Controller-0-to-broker-0-send-thread], Controller 0's connection to broker localhost:60862 (id: 0 rack: null) was unsuccessful
java.net.SocketTimeoutException: Failed to connect within 1000 ms
	at kafka.controller.RequestSendThread.brokerReady(ControllerChannelManager.scala:233)
	at kafka.controller.RequestSendThread.liftedTree1$1(ControllerChannelManager.scala:185)
	at kafka.controller.RequestSendThread.doWork(ControllerChannelManager.scala:184)
	at kafka.utils.ShutdownableThread.run(ShutdownableThread.scala:63)
10:48:52.028 [Controller-0-to-broker-0-send-thread] WARN  kafka.controller.RequestSendThread - [Controller-0-to-broker-0-send-thread], Controller 0's connection to broker localhost:60862 (id: 0 rack: null) was unsuccessful
java.nio.channels.ClosedSelectorException: null
	at sun.nio.ch.SelectorImpl.lockAndDoSelect(SelectorImpl.java:83)
	at sun.nio.ch.SelectorImpl.select(SelectorImpl.java:97)
	at org.apache.kafka.common.network.Selector.select(Selector.java:489)
	at org.apache.kafka.common.network.Selector.poll(Selector.java:298)
	at org.apache.kafka.clients.NetworkClient.poll(NetworkClient.java:349)
	at kafka.utils.NetworkClientBlockingOps$.awaitReady$1(NetworkClientBlockingOps.scala:87)
	at kafka.utils.NetworkClientBlockingOps$.blockingReady$extension(NetworkClientBlockingOps.scala:94)
	at kafka.controller.RequestSendThread.brokerReady(ControllerChannelManager.scala:232)
	at kafka.controller.RequestSendThread.liftedTree1$1(ControllerChannelManager.scala:185)
	at kafka.controller.RequestSendThread.doWork(ControllerChannelManager.scala:184)
	at kafka.utils.ShutdownableThread.run(ShutdownableThread.scala:63)
10:48:52.177 [Test worker] ERROR o.a.zookeeper.server.ZooKeeperServer - ZKShutdownHandler is not registered, so ZooKeeper server won't take any action on ERROR or SHUTDOWN server state changes
]]></system-out>
  <system-err><![CDATA[]]></system-err>
</testsuite>
